# JRE version: Java(TM) SE Runtime Environment (17.0.2+8) (build 17.0.2+8-LTS-86)
# Java VM: Java HotSpot(TM) 64-Bit Server VM (17.0.2+8-LTS-86, mixed mode, sharing, tiered, compressed oops, compressed class ptrs, g1 gc, windows-amd64)
GC Precious Log:
 CPUs: 8 total, 8 available
 Memory: 8039M
 Large Page Support: Disabled
 NUMA Support: Disabled
 Compressed Oops: Enabled (32-bit)
 Heap Region Size: 1M
 Heap Min Capacity: 8M
 Heap Initial Capacity: 126M
 Heap Max Capacity: 2G
 Pre-touch: Disabled
 Parallel Workers: 8
 Concurrent Workers: 2
 Concurrent Refinement Workers: 8
 Periodic GC: Disabled
Heap:
 garbage-first heap   total 424960K, used 218940K [0x0000000080000000, 0x0000000100000000)
  region size 1024K, 2 young (2048K), 2 survivors (2048K)
 Metaspace       used 92907K, committed 93632K, reserved 1130496K
  class space    used 12848K, committed 13184K, reserved 1048576K
GC Heap History (20 events):
Event: 48.841 GC heap after
{Heap after GC invocations=43 (full 0):
 garbage-first heap   total 325632K, used 144703K [0x0000000080000000, 0x0000000100000000)
  region size 1024K, 20 young (20480K), 20 survivors (20480K)
 Metaspace       used 87125K, committed 87872K, reserved 1130496K
  class space    used 12116K, committed 12480K, reserved 1048576K
}
Event: 48.846 GC heap before
{Heap before GC invocations=43 (full 0):
 garbage-first heap   total 325632K, used 145727K [0x0000000080000000, 0x0000000100000000)
  region size 1024K, 21 young (21504K), 20 survivors (20480K)
 Metaspace       used 87126K, committed 87872K, reserved 1130496K
  class space    used 12116K, committed 12480K, reserved 1048576K
}
Event: 48.877 GC heap after
{Heap after GC invocations=44 (full 0):
 garbage-first heap   total 325632K, used 146846K [0x0000000080000000, 0x0000000100000000)
  region size 1024K, 2 young (2048K), 2 survivors (2048K)
 Metaspace       used 87126K, committed 87872K, reserved 1130496K
  class space    used 12116K, committed 12480K, reserved 1048576K
}
Event: 50.074 GC heap before
{Heap before GC invocations=44 (full 0):
 garbage-first heap   total 325632K, used 240030K [0x0000000080000000, 0x0000000100000000)
  region size 1024K, 94 young (96256K), 2 survivors (2048K)
 Metaspace       used 89810K, committed 90560K, reserved 1130496K
  class space    used 12464K, committed 12800K, reserved 1048576K
}
Event: 50.108 GC heap after
{Heap after GC invocations=45 (full 0):
 garbage-first heap   total 325632K, used 186134K [0x0000000080000000, 0x0000000100000000)
  region size 1024K, 12 young (12288K), 12 survivors (12288K)
 Metaspace       used 89810K, committed 90560K, reserved 1130496K
  class space    used 12464K, committed 12800K, reserved 1048576K
}
Event: 51.868 GC heap before
{Heap before GC invocations=46 (full 0):
 garbage-first heap   total 325632K, used 236310K [0x0000000080000000, 0x0000000100000000)
  region size 1024K, 73 young (74752K), 12 survivors (12288K)
 Metaspace       used 91290K, committed 91968K, reserved 1130496K
  class space    used 12680K, committed 12992K, reserved 1048576K
}
Event: 51.890 GC heap after
{Heap after GC invocations=47 (full 0):
 garbage-first heap   total 325632K, used 182615K [0x0000000080000000, 0x0000000100000000)
  region size 1024K, 7 young (7168K), 7 survivors (7168K)
 Metaspace       used 91290K, committed 91968K, reserved 1130496K
  class space    used 12680K, committed 12992K, reserved 1048576K
}
Event: 52.061 GC heap before
{Heap before GC invocations=47 (full 0):
 garbage-first heap   total 325632K, used 192855K [0x0000000080000000, 0x0000000100000000)
  region size 1024K, 15 young (15360K), 7 survivors (7168K)
 Metaspace       used 91299K, committed 91968K, reserved 1130496K
  class space    used 12680K, committed 12992K, reserved 1048576K
}
Event: 52.078 GC heap after
{Heap after GC invocations=48 (full 0):
 garbage-first heap   total 325632K, used 183422K [0x0000000080000000, 0x0000000100000000)
  region size 1024K, 2 young (2048K), 2 survivors (2048K)
 Metaspace       used 91299K, committed 91968K, reserved 1130496K
  class space    used 12680K, committed 12992K, reserved 1048576K
}
Event: 52.234 GC heap before
{Heap before GC invocations=48 (full 0):
 garbage-first heap   total 325632K, used 185470K [0x0000000080000000, 0x0000000100000000)
  region size 1024K, 5 young (5120K), 2 survivors (2048K)
 Metaspace       used 91300K, committed 91968K, reserved 1130496K
  class space    used 12680K, committed 12992K, reserved 1048576K
}
Event: 52.243 GC heap after
{Heap after GC invocations=49 (full 0):
 garbage-first heap   total 325632K, used 183783K [0x0000000080000000, 0x0000000100000000)
  region size 1024K, 2 young (2048K), 2 survivors (2048K)
 Metaspace       used 91300K, committed 91968K, reserved 1130496K
  class space    used 12680K, committed 12992K, reserved 1048576K
}
Event: 55.566 GC heap before
{Heap before GC invocations=50 (full 0):
 garbage-first heap   total 331776K, used 269799K [0x0000000080000000, 0x0000000100000000)
  region size 1024K, 68 young (69632K), 2 survivors (2048K)
 Metaspace       used 91849K, committed 92544K, reserved 1130496K
  class space    used 12742K, committed 13056K, reserved 1048576K
}
Event: 55.586 GC heap after
{Heap after GC invocations=51 (full 0):
 garbage-first heap   total 331776K, used 208286K [0x0000000080000000, 0x0000000100000000)
  region size 1024K, 8 young (8192K), 8 survivors (8192K)
 Metaspace       used 91849K, committed 92544K, reserved 1130496K
  class space    used 12742K, committed 13056K, reserved 1048576K
}
Event: 55.662 GC heap before
{Heap before GC invocations=51 (full 0):
 garbage-first heap   total 331776K, used 216478K [0x0000000080000000, 0x0000000100000000)
  region size 1024K, 16 young (16384K), 8 survivors (8192K)
 Metaspace       used 91849K, committed 92544K, reserved 1130496K
  class space    used 12742K, committed 13056K, reserved 1048576K
}
Event: 55.678 GC heap after
{Heap after GC invocations=52 (full 0):
 garbage-first heap   total 331776K, used 208000K [0x0000000080000000, 0x0000000100000000)
  region size 1024K, 2 young (2048K), 2 survivors (2048K)
 Metaspace       used 91849K, committed 92544K, reserved 1130496K
  class space    used 12742K, committed 13056K, reserved 1048576K
}
Event: 56.114 GC heap before
{Heap before GC invocations=52 (full 0):
 garbage-first heap   total 331776K, used 235648K [0x0000000080000000, 0x0000000100000000)
  region size 1024K, 30 young (30720K), 2 survivors (2048K)
 Metaspace       used 91857K, committed 92544K, reserved 1130496K
  class space    used 12743K, committed 13056K, reserved 1048576K
}
Event: 56.138 GC heap after
{Heap after GC invocations=53 (full 0):
 garbage-first heap   total 331776K, used 214783K [0x0000000080000000, 0x0000000100000000)
  region size 1024K, 8 young (8192K), 8 survivors (8192K)
 Metaspace       used 91857K, committed 92544K, reserved 1130496K
  class space    used 12743K, committed 13056K, reserved 1048576K
}
Event: 56.848 GC heap before
{Heap before GC invocations=54 (full 0):
 garbage-first heap   total 424960K, used 272127K [0x0000000080000000, 0x0000000100000000)
  region size 1024K, 57 young (58368K), 8 survivors (8192K)
 Metaspace       used 92728K, committed 93440K, reserved 1130496K
  class space    used 12832K, committed 13184K, reserved 1048576K
}
Event: 56.859 GC heap after
{Heap after GC invocations=55 (full 0):
 garbage-first heap   total 424960K, used 220023K [0x0000000080000000, 0x0000000100000000)
  region size 1024K, 4 young (4096K), 4 survivors (4096K)
 Metaspace       used 92728K, committed 93440K, reserved 1130496K
  class space    used 12832K, committed 13184K, reserved 1048576K
}
Event: 57.283 GC heap before
{Heap before GC invocations=55 (full 0):
 garbage-first heap   total 424960K, used 235383K [0x0000000080000000, 0x0000000100000000)
  region size 1024K, 20 young (20480K), 4 survivors (4096K)
 Metaspace       used 92907K, committed 93632K, reserved 1130496K
  class space    used 12848K, committed 13184K, reserved 1048576K
}

